<?xml version="1.0" encoding="UTF-8"?>
<!-- Generated by org.testng.reporters.JUnitReportReporter -->
<testsuite hostname="Mac-mini-3.local" name="GitProject.gittest.Test3FileAccesUpload" tests="1" failures="0" timestamp="1 Dec 2017 09:25:47 GMT" time="59.461" errors="0">
  <testcase name="f" time="59.461" classname="GitProject.gittest.Test3FileAccesUpload"/>
</testsuite> <!-- GitProject.gittest.Test3FileAccesUpload -->
