<?xml version="1.0" encoding="UTF-8"?>
<!-- Generated by org.testng.reporters.JUnitReportReporter -->
<testsuite hostname="Mac-mini-2.local" name="GitProject.gittest.AppTest" tests="1" failures="0" timestamp="12 Oct 2017 12:23:11 GMT" time="2.459" errors="0">
  <testcase name="testApp" time="2.459" classname="GitProject.gittest.AppTest"/>
</testsuite> <!-- GitProject.gittest.AppTest -->
