<?xml version="1.0" encoding="UTF-8"?>
<!-- Generated by org.testng.reporters.JUnitReportReporter -->
<testsuite hostname="Mac-mini-3.local" name="GitProject.gittest.AppTest" tests="1" failures="0" timestamp="23 Nov 2017 09:21:56 GMT" time="13.411" errors="0">
  <testcase name="testApp" time="13.411" classname="GitProject.gittest.AppTest"/>
</testsuite> <!-- GitProject.gittest.AppTest -->
