<?xml version="1.0" encoding="UTF-8"?>
<!-- Generated by org.testng.reporters.JUnitReportReporter -->
<testsuite hostname="Mac-mini-2.local" name="Albums.albums" tests="1" failures="0" timestamp="13 Oct 2017 11:55:19 GMT" time="7.817" errors="0">
  <testcase name="f" time="7.817" classname="Albums.albums"/>
</testsuite> <!-- Albums.albums -->
