<?xml version="1.0" encoding="UTF-8"?>
<!-- Generated by org.testng.reporters.JUnitReportReporter -->
<testsuite hostname="Mac-mini-2.local" name="Albums.albums" tests="1" failures="0" timestamp="13 Oct 2017 12:21:32 GMT" time="9.576" errors="0">
  <testcase name="f" time="9.576" classname="Albums.albums"/>
</testsuite> <!-- Albums.albums -->
