<?xml version="1.0" encoding="UTF-8"?>
<!-- Generated by org.testng.reporters.JUnitReportReporter -->
<testsuite hostname="Mac-mini-3.local" name="GitProject.gittest.Test3FileAccesUpload" tests="1" failures="0" timestamp="1 Dec 2017 13:08:58 GMT" time="60.118" errors="0">
  <testcase name="f" time="60.118" classname="GitProject.gittest.Test3FileAccesUpload"/>
</testsuite> <!-- GitProject.gittest.Test3FileAccesUpload -->
