<?xml version="1.0" encoding="UTF-8"?>
<!-- Generated by org.testng.reporters.JUnitReportReporter -->
<testsuite hostname="Mac-mini-3.local" name="GitProject.gittest.TestNewsfeed" tests="1" failures="0" timestamp="28 Nov 2017 09:34:16 GMT" time="38.618" errors="0">
  <testcase name="testApp" time="38.618" classname="GitProject.gittest.TestNewsfeed"/>
</testsuite> <!-- GitProject.gittest.TestNewsfeed -->
