<?xml version="1.0" encoding="UTF-8"?>
<!-- Generated by org.testng.reporters.JUnitReportReporter -->
<testsuite hostname="Mac-mini-2.local" name="GitProject.gittest.AppTest" tests="1" failures="0" timestamp="16 Oct 2017 09:16:40 GMT" time="3.165" errors="0">
  <testcase name="testApp" time="3.165" classname="GitProject.gittest.AppTest"/>
</testsuite> <!-- GitProject.gittest.AppTest -->
