<?xml version="1.0" encoding="UTF-8"?>
<!-- Generated by org.testng.reporters.JUnitReportReporter -->
<testsuite hostname="Mac-mini-2.local" name="GitProject.gittest.AppTest" tests="1" failures="0" timestamp="19 Oct 2017 07:21:20 GMT" time="13.018" errors="0">
  <testcase name="testApp" time="13.018" classname="GitProject.gittest.AppTest"/>
</testsuite> <!-- GitProject.gittest.AppTest -->
