<?xml version="1.0" encoding="UTF-8"?>
<!-- Generated by org.testng.reporters.JUnitReportReporter -->
<testsuite hostname="Mac-mini-3.local" name="GitProject.gittest.AppTest" tests="1" failures="0" timestamp="23 Nov 2017 07:51:11 GMT" time="9.065" errors="0">
  <testcase name="testApp" time="9.065" classname="GitProject.gittest.AppTest"/>
</testsuite> <!-- GitProject.gittest.AppTest -->
