<?xml version="1.0" encoding="UTF-8"?>
<!-- Generated by org.testng.reporters.JUnitReportReporter -->
<testsuite hostname="Mac-mini-3.local" name="GitProject.gittest.Test2DownloadFiles" tests="1" failures="0" timestamp="29 Nov 2017 13:07:08 GMT" time="1.809" errors="0">
  <testcase name="f" time="1.809" classname="GitProject.gittest.Test2DownloadFiles"/>
</testsuite> <!-- GitProject.gittest.Test2DownloadFiles -->
