<?xml version="1.0" encoding="UTF-8"?>
<!-- Generated by org.testng.reporters.JUnitReportReporter -->
<testsuite hostname="Mac-mini-3.local" name="GitProject.gittest.AppTest" tests="1" failures="0" timestamp="15 Nov 2017 09:54:25 GMT" time="9.230" errors="0">
  <testcase name="testApp" time="9.230" classname="GitProject.gittest.AppTest"/>
</testsuite> <!-- GitProject.gittest.AppTest -->
