<?xml version="1.0" encoding="UTF-8"?>
<!-- Generated by org.testng.reporters.JUnitReportReporter -->
<testsuite hostname="Mac-mini-2.local" name="GitProject.gittest.AppTest" tests="1" failures="0" timestamp="13 Oct 2017 11:55:24 GMT" time="16.974" errors="0">
  <testcase name="testApp" time="16.974" classname="GitProject.gittest.AppTest"/>
</testsuite> <!-- GitProject.gittest.AppTest -->
